<?xml version="1.0" encoding="UTF-8"?>
<!-- Generated by org.testng.reporters.JUnitXMLReporter -->
<testsuite ignored="0" hostname="DESKTOP-TT34VD9" failures="0" tests="4" name="Test" time="8.373" errors="0" timestamp="2022-08-10T13:43:03 IST">
  <testcase classname="com.SauceDemo.TestPackage.TC0001VerifyLogin" name="verifyLoginFunctionality" time="0.053"/>
  <testcase classname="com.SauceDemo.TestPackage.TC0002VerifyLogout" name="verifyLogoutFuctionality" time="1.002"/>
  <testcase classname="com.SauceDemo.TestPackage.TC0003VerifyBag" name="verifybagproduct" time="0.904"/>
  <testcase classname="com.SauceDemo.TestPackage.TC0004VerifyMultiProduct" name="verifyMultiProduct" time="1.842"/>
</testsuite> <!-- Test -->
