<?xml version="1.0" encoding="UTF-8"?>
<!-- Generated by org.testng.reporters.JUnitXMLReporter -->
<testsuite ignored="0" hostname="DESKTOP-TT34VD9" failures="0" tests="4" name="Test" time="19.847" errors="0" timestamp="2022-08-10T13:30:06 IST">
  <testcase classname="com.SauceDemo.TestPackage.TC0001VerifyLogin" name="verifyLoginFunctionality" time="0.007"/>
  <testcase classname="com.SauceDemo.TestPackage.TC0002VerifyLogout" name="verifyLogoutFuctionality" time="0.443"/>
  <testcase classname="com.SauceDemo.TestPackage.TC0003VerifyBag" name="verifybagproduct" time="0.326"/>
  <testcase classname="com.SauceDemo.TestPackage.TC0004VerifyMultiProduct" name="verifyMultiProduct" time="0.532"/>
</testsuite> <!-- Test -->
